c:\users\kareem\source\repos\mqttclientwrapper\mqttclientwrapper\bin\intermediate\win32\debug\vc142.pdb
c:\users\kareem\source\repos\mqttclientwrapper\mqttclientwrapper\bin\intermediate\win32\debug\vc142.idb
c:\users\kareem\source\repos\mqttclientwrapper\mqttclientwrapper\bin\intermediate\win32\debug\main.obj
c:\users\kareem\source\repos\mqttclientwrapper\mqttclientwrapper\bin\win32\debug\runner.ilk
c:\users\kareem\source\repos\mqttclientwrapper\mqttclientwrapper\bin\win32\debug\runner.exe
c:\users\kareem\source\repos\mqttclientwrapper\mqttclientwrapper\bin\win32\debug\runner.pdb
c:\users\kareem\source\repos\mqttclientwrapper\mqttclientwrapper\bin\intermediate\win32\debug\vcpkg.applocal.log
c:\users\kareem\source\repos\mqttclientwrapper\mqttclientwrapper\bin\win32\debug\pocofoundationd.dll
c:\users\kareem\source\repos\mqttclientwrapper\mqttclientwrapper\bin\win32\debug\pcred.dll
c:\users\kareem\source\repos\mqttclientwrapper\mqttclientwrapper\bin\win32\debug\zlibd1.dll
c:\users\kareem\source\repos\mqttclientwrapper\mqttclientwrapper\bin\win32\debug\poconetd.dll
c:\users\kareem\source\repos\mqttclientwrapper\mqttclientwrapper\bin\win32\debug\pocoutild.dll
c:\users\kareem\source\repos\mqttclientwrapper\mqttclientwrapper\bin\win32\debug\pocoxmld.dll
c:\users\kareem\source\repos\mqttclientwrapper\mqttclientwrapper\bin\win32\debug\expatd.dll
c:\users\kareem\source\repos\mqttclientwrapper\mqttclientwrapper\bin\win32\debug\pocojsond.dll
c:\users\kareem\source\repos\mqttclientwrapper\mqttclientwrapper\bin\win32\debug\paho-mqtt3c.dll
c:\users\kareem\source\repos\mqttclientwrapper\mqttclientwrapper\bin\intermediate\win32\debug\abstractmqttclient.obj
c:\users\kareem\source\repos\mqttclientwrapper\mqttclientwrapper\bin\intermediate\win32\debug\mqttclient.obj
c:\users\kareem\source\repos\mqttclientwrapper\mqttclientwrapper\bin\intermediate\win32\debug\mqttclientwrapper.idb
c:\users\kareem\source\repos\mqttclientwrapper\mqttclientwrapper\bin\intermediate\win32\debug\mqttclientwrapper.pdb
c:\users\kareem\source\repos\mqttclientwrapper\mqttclientwrapper\bin\intermediate\win32\debug\runner.tlog\cl.command.1.tlog
c:\users\kareem\source\repos\mqttclientwrapper\mqttclientwrapper\bin\intermediate\win32\debug\runner.tlog\cl.read.1.tlog
c:\users\kareem\source\repos\mqttclientwrapper\mqttclientwrapper\bin\intermediate\win32\debug\runner.tlog\cl.write.1.tlog
c:\users\kareem\source\repos\mqttclientwrapper\mqttclientwrapper\bin\intermediate\win32\debug\runner.tlog\link.command.1.tlog
c:\users\kareem\source\repos\mqttclientwrapper\mqttclientwrapper\bin\intermediate\win32\debug\runner.tlog\link.read.1.tlog
c:\users\kareem\source\repos\mqttclientwrapper\mqttclientwrapper\bin\intermediate\win32\debug\runner.tlog\link.write.1.tlog
c:\users\kareem\source\repos\mqttclientwrapper\mqttclientwrapper\bin\intermediate\win32\debug\runner.tlog\runner.write.1u.tlog
